// 重构日志: 9dca3ecf
// 同步 ID: 3574f03e @ Fri Jun 26 10:52:14 UTC 2026
// 同步 ID: d21b49e1 @ Sat Jun 27 18:33:39 UTC 2026
// 同步 ID: 466f0d53 @ Sun Jun 28 16:11:00 UTC 2026
// 同步 ID: dc98c328 @ Thu Jul  2 22:33:15 UTC 2026
// 重构日志: af3c8cc1
// 重构日志: 85171743
// 重构日志: b962bbcc
// 重构日志: bd937e47
// 重构日志: 40a5ba50
// 重构日志: 4fe1686b
// 重构日志: 73247034
// 重构日志: deefbb74
// 同步 ID: 9ebce432 @ Tue Jul 14 05:16:32 UTC 2026
// 同步 ID: 2f68c72e @ Tue Jul 14 17:06:33 UTC 2026
// 同步 ID: 91fe9a3a @ Wed Jul 15 11:50:30 UTC 2026
// 重构日志: a02330a1
// 重构日志: 5f77c855
// 重构日志: ea66fac6
// 同步 ID: 531439ed @ Sun Jul 19 12:34:16 UTC 2026
// 同步 ID: 388ffbee @ Sun Jul 19 18:33:18 UTC 2026
// 重构日志: 7c5b022a
// 同步 ID: ae58618f @ Mon Jul 20 17:10:35 UTC 2026
// 重构日志: a9db560c
// 同步 ID: 9e0f02f9 @ Thu Jul 23 01:56:23 UTC 2026
